  EarthArmy.cpp
D:\Computer department\sem 2\Data structure\Project\Space Project\EarthForces\EarthArmy.h(6,9): warning C4067: unexpected tokens following preprocessor directive - expected a newline
D:\Computer department\sem 2\Data structure\Project\Space Project\EarthForces\EarthSoldiers.h(3,9): warning C4067: unexpected tokens following preprocessor directive - expected a newline
D:\Computer department\sem 2\Data structure\Project\Space Project\EarthForces\EarthTank.h(3,9): warning C4067: unexpected tokens following preprocessor directive - expected a newline
D:\Computer department\sem 2\Data structure\Project\Space Project\EarthForces\EarthGunnery.h(3,9): warning C4067: unexpected tokens following preprocessor directive - expected a newline
  EarthGunnery.cpp
D:\Computer department\sem 2\Data structure\Project\Space Project\EarthForces\EarthGunnery.h(3,9): warning C4067: unexpected tokens following preprocessor directive - expected a newline
  EarthSoldiers.cpp
D:\Computer department\sem 2\Data structure\Project\Space Project\EarthForces\EarthSoldiers.h(3,9): warning C4067: unexpected tokens following preprocessor directive - expected a newline
  EarthTank.cpp
D:\Computer department\sem 2\Data structure\Project\Space Project\EarthForces\EarthTank.h(3,9): warning C4067: unexpected tokens following preprocessor directive - expected a newline
  Game.cpp
D:\Computer department\sem 2\Data structure\Project\Space Project\EarthForces\EarthArmy.h(6,9): warning C4067: unexpected tokens following preprocessor directive - expected a newline
D:\Computer department\sem 2\Data structure\Project\Space Project\EarthForces\EarthSoldiers.h(3,9): warning C4067: unexpected tokens following preprocessor directive - expected a newline
D:\Computer department\sem 2\Data structure\Project\Space Project\EarthForces\EarthTank.h(3,9): warning C4067: unexpected tokens following preprocessor directive - expected a newline
D:\Computer department\sem 2\Data structure\Project\Space Project\EarthForces\EarthGunnery.h(3,9): warning C4067: unexpected tokens following preprocessor directive - expected a newline
  Main.cpp
D:\Computer department\sem 2\Data structure\Project\Space Project\EarthForces\EarthArmy.h(6,9): warning C4067: unexpected tokens following preprocessor directive - expected a newline
D:\Computer department\sem 2\Data structure\Project\Space Project\EarthForces\EarthSoldiers.h(3,9): warning C4067: unexpected tokens following preprocessor directive - expected a newline
D:\Computer department\sem 2\Data structure\Project\Space Project\EarthForces\EarthTank.h(3,9): warning C4067: unexpected tokens following preprocessor directive - expected a newline
D:\Computer department\sem 2\Data structure\Project\Space Project\EarthForces\EarthGunnery.h(3,9): warning C4067: unexpected tokens following preprocessor directive - expected a newline
  RandGen.cpp
D:\Computer department\sem 2\Data structure\Project\Space Project\EarthForces\EarthArmy.h(6,9): warning C4067: unexpected tokens following preprocessor directive - expected a newline
D:\Computer department\sem 2\Data structure\Project\Space Project\EarthForces\EarthSoldiers.h(3,9): warning C4067: unexpected tokens following preprocessor directive - expected a newline
D:\Computer department\sem 2\Data structure\Project\Space Project\EarthForces\EarthTank.h(3,9): warning C4067: unexpected tokens following preprocessor directive - expected a newline
D:\Computer department\sem 2\Data structure\Project\Space Project\EarthForces\EarthGunnery.h(3,9): warning C4067: unexpected tokens following preprocessor directive - expected a newline
  unit.cpp
  Generating Code...
  Phase 1.2.vcxproj -> D:\Computer department\sem 2\Data structure\Project\Space Project\x64\Debug\Phase 1.2.exe
